{"/Users/user/Documents/interview/bank/my_flask_project/project/controllers/balanceController.js": {"path":"/Users/user/Documents/interview/bank/my_flask_project/project/controllers/balanceController.js","statementMap":{"0":{"start":{"line":1,"column":16},"end":{"line":1,"column":44}},"1":{"start":{"line":2,"column":20},"end":{"line":2,"column":52}},"2":{"start":{"line":5,"column":21},"end":{"line":5,"column":41}},"3":{"start":{"line":6,"column":2},"end":{"line":10,"column":3}},"4":{"start":{"line":7,"column":4},"end":{"line":9,"column":68}},"5":{"start":{"line":13,"column":4},"end":{"line":15,"column":12}},"6":{"start":{"line":17,"column":4},"end":{"line":19,"column":12}},"7":{"start":{"line":21,"column":24},"end":{"line":21,"column":41}},"8":{"start":{"line":22,"column":27},"end":{"line":22,"column":47}},"9":{"start":{"line":24,"column":18},"end":{"line":24,"column":52}},"10":{"start":{"line":25,"column":25},"end":{"line":25,"column":57}},"11":{"start":{"line":27,"column":2},"end":{"line":27,"column":68}},"12":{"start":{"line":32,"column":2},"end":{"line":32,"column":37}},"13":{"start":{"line":33,"column":20},"end":{"line":33,"column":44}},"14":{"start":{"line":35,"column":2},"end":{"line":65,"column":3}},"15":{"start":{"line":37,"column":4},"end":{"line":37,"column":83}},"16":{"start":{"line":38,"column":4},"end":{"line":38,"column":52}},"17":{"start":{"line":41,"column":46},"end":{"line":48,"column":6}},"18":{"start":{"line":51,"column":20},"end":{"line":51,"column":66}},"19":{"start":{"line":54,"column":20},"end":{"line":54,"column":54}},"20":{"start":{"line":56,"column":4},"end":{"line":61,"column":5}},"21":{"start":{"line":57,"column":6},"end":{"line":57,"column":40}},"22":{"start":{"line":58,"column":6},"end":{"line":58,"column":58}},"23":{"start":{"line":60,"column":6},"end":{"line":60,"column":79}},"24":{"start":{"line":63,"column":4},"end":{"line":63,"column":73}},"25":{"start":{"line":64,"column":4},"end":{"line":64,"column":16}},"26":{"start":{"line":69,"column":0},"end":{"line":72,"column":2}}},"fnMap":{"0":{"name":"getBalance","decl":{"start":{"line":4,"column":15},"end":{"line":4,"column":25}},"loc":{"start":{"line":4,"column":36},"end":{"line":29,"column":1}},"line":4},"1":{"name":"recordTransaction","decl":{"start":{"line":31,"column":15},"end":{"line":31,"column":32}},"loc":{"start":{"line":31,"column":72},"end":{"line":66,"column":1}},"line":31}},"branchMap":{"0":{"loc":{"start":{"line":6,"column":2},"end":{"line":10,"column":3}},"type":"if","locations":[{"start":{"line":6,"column":2},"end":{"line":10,"column":3}},{"start":{},"end":{}}],"line":6},"1":{"loc":{"start":{"line":13,"column":4},"end":{"line":15,"column":12}},"type":"binary-expr","locations":[{"start":{"line":13,"column":5},"end":{"line":15,"column":6}},{"start":{"line":15,"column":11},"end":{"line":15,"column":12}}],"line":13},"2":{"loc":{"start":{"line":17,"column":4},"end":{"line":19,"column":12}},"type":"binary-expr","locations":[{"start":{"line":17,"column":5},"end":{"line":19,"column":6}},{"start":{"line":19,"column":11},"end":{"line":19,"column":12}}],"line":17},"3":{"loc":{"start":{"line":51,"column":21},"end":{"line":51,"column":39}},"type":"binary-expr","locations":[{"start":{"line":51,"column":21},"end":{"line":51,"column":34}},{"start":{"line":51,"column":38},"end":{"line":51,"column":39}}],"line":51},"4":{"loc":{"start":{"line":51,"column":44},"end":{"line":51,"column":65}},"type":"binary-expr","locations":[{"start":{"line":51,"column":44},"end":{"line":51,"column":60}},{"start":{"line":51,"column":64},"end":{"line":51,"column":65}}],"line":51},"5":{"loc":{"start":{"line":56,"column":4},"end":{"line":61,"column":5}},"type":"if","locations":[{"start":{"line":56,"column":4},"end":{"line":61,"column":5}},{"start":{"line":59,"column":11},"end":{"line":61,"column":5}}],"line":56}},"s":{"0":8,"1":8,"2":2,"3":2,"4":1,"5":1,"6":1,"7":1,"8":1,"9":1,"10":1,"11":1,"12":1,"13":1,"14":1,"15":1,"16":1,"17":1,"18":1,"19":1,"20":1,"21":1,"22":1,"23":0,"24":0,"25":0,"26":8},"f":{"0":2,"1":1},"b":{"0":[1,1],"1":[1,0],"2":[1,0],"3":[1,0],"4":[1,0],"5":[1,0]},"_coverageSchema":"1a1c01bbd47fc00a2c39e90264f33305004495a9","hash":"7659533b5acba98906a95d819b1da67d6b47f441"}
,"/Users/user/Documents/interview/bank/my_flask_project/project/controllers/transactionController.js": {"path":"/Users/user/Documents/interview/bank/my_flask_project/project/controllers/transactionController.js","statementMap":{"0":{"start":{"line":1,"column":48},"end":{"line":1,"column":88}},"1":{"start":{"line":2,"column":21},"end":{"line":2,"column":56}},"2":{"start":{"line":3,"column":16},"end":{"line":3,"column":44}},"3":{"start":{"line":6,"column":2},"end":{"line":6,"column":23}},"4":{"start":{"line":7,"column":21},"end":{"line":7,"column":29}},"5":{"start":{"line":9,"column":36},"end":{"line":13,"column":3}},"6":{"start":{"line":15,"column":2},"end":{"line":17,"column":3}},"7":{"start":{"line":16,"column":4},"end":{"line":16,"column":57}},"8":{"start":{"line":19,"column":2},"end":{"line":30,"column":5}},"9":{"start":{"line":32,"column":2},"end":{"line":32,"column":67}},"10":{"start":{"line":37,"column":21},"end":{"line":37,"column":29}},"11":{"start":{"line":38,"column":21},"end":{"line":38,"column":40}},"12":{"start":{"line":40,"column":2},"end":{"line":44,"column":3}},"13":{"start":{"line":41,"column":4},"end":{"line":43,"column":71}},"14":{"start":{"line":46,"column":18},"end":{"line":46,"column":52}},"15":{"start":{"line":48,"column":2},"end":{"line":52,"column":3}},"16":{"start":{"line":49,"column":4},"end":{"line":51,"column":66}},"17":{"start":{"line":54,"column":36},"end":{"line":59,"column":3}},"18":{"start":{"line":61,"column":2},"end":{"line":63,"column":3}},"19":{"start":{"line":62,"column":4},"end":{"line":62,"column":57}},"20":{"start":{"line":65,"column":2},"end":{"line":76,"column":5}},"21":{"start":{"line":78,"column":2},"end":{"line":78,"column":70}},"22":{"start":{"line":81,"column":0},"end":{"line":84,"column":2}}},"fnMap":{"0":{"name":"deposit","decl":{"start":{"line":5,"column":15},"end":{"line":5,"column":22}},"loc":{"start":{"line":5,"column":33},"end":{"line":34,"column":1}},"line":5},"1":{"name":"withdraw","decl":{"start":{"line":36,"column":15},"end":{"line":36,"column":23}},"loc":{"start":{"line":36,"column":34},"end":{"line":79,"column":1}},"line":36}},"branchMap":{"0":{"loc":{"start":{"line":15,"column":2},"end":{"line":17,"column":3}},"type":"if","locations":[{"start":{"line":15,"column":2},"end":{"line":17,"column":3}},{"start":{},"end":{}}],"line":15},"1":{"loc":{"start":{"line":40,"column":2},"end":{"line":44,"column":3}},"type":"if","locations":[{"start":{"line":40,"column":2},"end":{"line":44,"column":3}},{"start":{},"end":{}}],"line":40},"2":{"loc":{"start":{"line":48,"column":2},"end":{"line":52,"column":3}},"type":"if","locations":[{"start":{"line":48,"column":2},"end":{"line":52,"column":3}},{"start":{},"end":{}}],"line":48},"3":{"loc":{"start":{"line":61,"column":2},"end":{"line":63,"column":3}},"type":"if","locations":[{"start":{"line":61,"column":2},"end":{"line":63,"column":3}},{"start":{},"end":{}}],"line":61}},"s":{"0":5,"1":5,"2":5,"3":4,"4":4,"5":4,"6":4,"7":0,"8":4,"9":4,"10":4,"11":4,"12":4,"13":0,"14":4,"15":4,"16":0,"17":4,"18":4,"19":0,"20":4,"21":4,"22":5},"f":{"0":4,"1":4},"b":{"0":[0,4],"1":[0,4],"2":[0,4],"3":[0,4]},"_coverageSchema":"1a1c01bbd47fc00a2c39e90264f33305004495a9","hash":"910116f85e236a9841a9dc61db0b5a90071590e4"}
,"/Users/user/Documents/interview/bank/my_flask_project/project/models/account.js": {"path":"/Users/user/Documents/interview/bank/my_flask_project/project/models/account.js","statementMap":{"0":{"start":{"line":1,"column":29},"end":{"line":1,"column":49}},"1":{"start":{"line":2,"column":22},"end":{"line":2,"column":60}},"2":{"start":{"line":6,"column":0},"end":{"line":14,"column":2}},"3":{"start":{"line":16,"column":0},"end":{"line":16,"column":25}}},"fnMap":{},"branchMap":{},"s":{"0":18,"1":18,"2":18,"3":18},"f":{},"b":{},"_coverageSchema":"1a1c01bbd47fc00a2c39e90264f33305004495a9","hash":"979fc9f353cbfdc6ac9d76b8c3e60864db613714"}
,"/Users/user/Documents/interview/bank/my_flask_project/project/models/customer.js": {"path":"/Users/user/Documents/interview/bank/my_flask_project/project/models/customer.js","statementMap":{"0":{"start":{"line":1,"column":29},"end":{"line":1,"column":49}},"1":{"start":{"line":2,"column":22},"end":{"line":2,"column":60}},"2":{"start":{"line":6,"column":0},"end":{"line":12,"column":2}},"3":{"start":{"line":14,"column":0},"end":{"line":14,"column":26}}},"fnMap":{},"branchMap":{},"s":{"0":1,"1":1,"2":1,"3":1},"f":{},"b":{},"_coverageSchema":"1a1c01bbd47fc00a2c39e90264f33305004495a9","hash":"a6031261371dc33e302d3ec44115f1a7a6f73819"}
,"/Users/user/Documents/interview/bank/my_flask_project/project/models/transaction.js": {"path":"/Users/user/Documents/interview/bank/my_flask_project/project/models/transaction.js","statementMap":{"0":{"start":{"line":1,"column":29},"end":{"line":1,"column":49}},"1":{"start":{"line":2,"column":22},"end":{"line":2,"column":60}},"2":{"start":{"line":6,"column":0},"end":{"line":16,"column":2}},"3":{"start":{"line":18,"column":0},"end":{"line":18,"column":29}}},"fnMap":{},"branchMap":{},"s":{"0":13,"1":13,"2":13,"3":13},"f":{},"b":{},"_coverageSchema":"1a1c01bbd47fc00a2c39e90264f33305004495a9","hash":"6d48ba457b8da2efb8340754a98f88a0db809457"}
,"/Users/user/Documents/interview/bank/my_flask_project/project/routes/transactionRoutes.js": {"path":"/Users/user/Documents/interview/bank/my_flask_project/project/routes/transactionRoutes.js","statementMap":{"0":{"start":{"line":1,"column":16},"end":{"line":1,"column":34}},"1":{"start":{"line":2,"column":15},"end":{"line":2,"column":31}},"2":{"start":{"line":3,"column":30},"end":{"line":3,"column":77}},"3":{"start":{"line":5,"column":0},"end":{"line":5,"column":33}},"4":{"start":{"line":6,"column":0},"end":{"line":6,"column":35}},"5":{"start":{"line":8,"column":0},"end":{"line":8,"column":24}}},"fnMap":{},"branchMap":{},"s":{"0":1,"1":1,"2":1,"3":1,"4":1,"5":1},"f":{},"b":{},"_coverageSchema":"1a1c01bbd47fc00a2c39e90264f33305004495a9","hash":"469208381581c194e49cf6aa47d83b4ed37580e5"}
,"/Users/user/Documents/interview/bank/my_flask_project/project/services/databaseService.js": {"path":"/Users/user/Documents/interview/bank/my_flask_project/project/services/databaseService.js","statementMap":{"0":{"start":{"line":1,"column":22},"end":{"line":1,"column":42}},"1":{"start":{"line":3,"column":18},"end":{"line":3,"column":84}},"2":{"start":{"line":5,"column":0},"end":{"line":7,"column":2}}},"fnMap":{},"branchMap":{},"s":{"0":23,"1":23,"2":23},"f":{},"b":{},"_coverageSchema":"1a1c01bbd47fc00a2c39e90264f33305004495a9","hash":"86e1257a6c0c97cbc39111ce45ac2ea0401d65b9"}
,"/Users/user/Documents/interview/bank/my_flask_project/project/services/kafkaService.js": {"path":"/Users/user/Documents/interview/bank/my_flask_project/project/services/kafkaService.js","statementMap":{"0":{"start":{"line":1,"column":18},"end":{"line":1,"column":36}},"1":{"start":{"line":2,"column":54},"end":{"line":2,"column":79}},"2":{"start":{"line":3,"column":14},"end":{"line":3,"column":56}},"3":{"start":{"line":4,"column":17},"end":{"line":4,"column":33}},"4":{"start":{"line":5,"column":17},"end":{"line":5,"column":52}},"5":{"start":{"line":8,"column":2},"end":{"line":8,"column":27}},"6":{"start":{"line":9,"column":2},"end":{"line":9,"column":55}},"7":{"start":{"line":10,"column":2},"end":{"line":10,"column":58}},"8":{"start":{"line":11,"column":2},"end":{"line":19,"column":5}},"9":{"start":{"line":13,"column":6},"end":{"line":17,"column":7}},"10":{"start":{"line":14,"column":8},"end":{"line":14,"column":42}},"11":{"start":{"line":15,"column":13},"end":{"line":17,"column":7}},"12":{"start":{"line":16,"column":8},"end":{"line":16,"column":45}},"13":{"start":{"line":23,"column":0},"end":{"line":27,"column":2}}},"fnMap":{"0":{"name":"subscribeToTopics","decl":{"start":{"line":7,"column":15},"end":{"line":7,"column":32}},"loc":{"start":{"line":7,"column":35},"end":{"line":21,"column":1}},"line":7},"1":{"name":"(anonymous_1)","decl":{"start":{"line":12,"column":17},"end":{"line":12,"column":18}},"loc":{"start":{"line":12,"column":58},"end":{"line":18,"column":5}},"line":12}},"branchMap":{"0":{"loc":{"start":{"line":13,"column":6},"end":{"line":17,"column":7}},"type":"if","locations":[{"start":{"line":13,"column":6},"end":{"line":17,"column":7}},{"start":{"line":15,"column":13},"end":{"line":17,"column":7}}],"line":13},"1":{"loc":{"start":{"line":15,"column":13},"end":{"line":17,"column":7}},"type":"if","locations":[{"start":{"line":15,"column":13},"end":{"line":17,"column":7}},{"start":{},"end":{}}],"line":15}},"s":{"0":6,"1":6,"2":6,"3":6,"4":6,"5":1,"6":1,"7":1,"8":1,"9":0,"10":0,"11":0,"12":0,"13":6},"f":{"0":1,"1":0},"b":{"0":[0,0],"1":[0,0]},"_coverageSchema":"1a1c01bbd47fc00a2c39e90264f33305004495a9","hash":"51a7f8826807dcc80b4f013f1c4c78720f0896f0"}
,"/Users/user/Documents/interview/bank/my_flask_project/project/services/queueService.js": {"path":"/Users/user/Documents/interview/bank/my_flask_project/project/services/queueService.js","statementMap":{"0":{"start":{"line":1,"column":14},"end":{"line":1,"column":29}},"1":{"start":{"line":2,"column":29},"end":{"line":2,"column":72}},"2":{"start":{"line":3,"column":16},"end":{"line":3,"column":44}},"3":{"start":{"line":5,"column":14},"end":{"line":7,"column":2}},"4":{"start":{"line":11,"column":2},"end":{"line":41,"column":5}},"5":{"start":{"line":13,"column":4},"end":{"line":40,"column":5}},"6":{"start":{"line":14,"column":6},"end":{"line":14,"column":48}},"7":{"start":{"line":15,"column":56},"end":{"line":15,"column":64}},"8":{"start":{"line":16,"column":6},"end":{"line":16,"column":38}},"9":{"start":{"line":17,"column":6},"end":{"line":31,"column":7}},"10":{"start":{"line":18,"column":8},"end":{"line":18,"column":29}},"11":{"start":{"line":20,"column":8},"end":{"line":20,"column":76}},"12":{"start":{"line":21,"column":13},"end":{"line":31,"column":7}},"13":{"start":{"line":22,"column":8},"end":{"line":22,"column":51}},"14":{"start":{"line":23,"column":8},"end":{"line":23,"column":29}},"15":{"start":{"line":24,"column":24},"end":{"line":24,"column":58}},"16":{"start":{"line":25,"column":8},"end":{"line":28,"column":9}},"17":{"start":{"line":26,"column":10},"end":{"line":26,"column":45}},"18":{"start":{"line":27,"column":10},"end":{"line":27,"column":81}},"19":{"start":{"line":30,"column":8},"end":{"line":30,"column":47}},"20":{"start":{"line":34,"column":6},"end":{"line":39,"column":7}},"21":{"start":{"line":35,"column":8},"end":{"line":35,"column":33}},"22":{"start":{"line":37,"column":8},"end":{"line":37,"column":77}},"23":{"start":{"line":38,"column":8},"end":{"line":38,"column":20}},"24":{"start":{"line":43,"column":13},"end":{"line":43,"column":34}},"25":{"start":{"line":44,"column":1},"end":{"line":44,"column":42}},"26":{"start":{"line":48,"column":14},"end":{"line":48,"column":50}},"27":{"start":{"line":49,"column":2},"end":{"line":54,"column":5}},"28":{"start":{"line":58,"column":14},"end":{"line":58,"column":50}},"29":{"start":{"line":59,"column":2},"end":{"line":59,"column":39}},"30":{"start":{"line":60,"column":2},"end":{"line":65,"column":5}},"31":{"start":{"line":69,"column":0},"end":{"line":74,"column":2}}},"fnMap":{"0":{"name":"startQueueWorker","decl":{"start":{"line":9,"column":15},"end":{"line":9,"column":31}},"loc":{"start":{"line":9,"column":34},"end":{"line":45,"column":1}},"line":9},"1":{"name":"(anonymous_1)","decl":{"start":{"line":11,"column":39},"end":{"line":11,"column":40}},"loc":{"start":{"line":11,"column":54},"end":{"line":41,"column":3}},"line":11},"2":{"name":"handleWithdrawalEvent","decl":{"start":{"line":47,"column":15},"end":{"line":47,"column":36}},"loc":{"start":{"line":47,"column":46},"end":{"line":55,"column":1}},"line":47},"3":{"name":"handleDepositEvent","decl":{"start":{"line":57,"column":15},"end":{"line":57,"column":33}},"loc":{"start":{"line":57,"column":43},"end":{"line":66,"column":1}},"line":57}},"branchMap":{"0":{"loc":{"start":{"line":17,"column":6},"end":{"line":31,"column":7}},"type":"if","locations":[{"start":{"line":17,"column":6},"end":{"line":31,"column":7}},{"start":{"line":21,"column":13},"end":{"line":31,"column":7}}],"line":17},"1":{"loc":{"start":{"line":21,"column":13},"end":{"line":31,"column":7}},"type":"if","locations":[{"start":{"line":21,"column":13},"end":{"line":31,"column":7}},{"start":{"line":29,"column":12},"end":{"line":31,"column":7}}],"line":21},"2":{"loc":{"start":{"line":25,"column":8},"end":{"line":28,"column":9}},"type":"if","locations":[{"start":{"line":25,"column":8},"end":{"line":28,"column":9}},{"start":{},"end":{}}],"line":25},"3":{"loc":{"start":{"line":34,"column":6},"end":{"line":39,"column":7}},"type":"if","locations":[{"start":{"line":34,"column":6},"end":{"line":39,"column":7}},{"start":{"line":36,"column":13},"end":{"line":39,"column":7}}],"line":34}},"s":{"0":7,"1":7,"2":7,"3":7,"4":1,"5":2,"6":2,"7":2,"8":2,"9":2,"10":1,"11":1,"12":1,"13":1,"14":1,"15":1,"16":1,"17":1,"18":1,"19":0,"20":0,"21":0,"22":0,"23":0,"24":1,"25":1,"26":1,"27":1,"28":1,"29":1,"30":1,"31":7},"f":{"0":1,"1":2,"2":1,"3":1},"b":{"0":[1,1],"1":[1,0],"2":[1,0],"3":[0,0]},"_coverageSchema":"1a1c01bbd47fc00a2c39e90264f33305004495a9","hash":"0b284ad557f2652f5919c119defe8e322213ce74"}
,"/Users/user/Documents/interview/bank/my_flask_project/project/services/validationService.js": {"path":"/Users/user/Documents/interview/bank/my_flask_project/project/services/validationService.js","statementMap":{"0":{"start":{"line":1,"column":17},"end":{"line":1,"column":45}},"1":{"start":{"line":4,"column":4},"end":{"line":10,"column":5}},"2":{"start":{"line":5,"column":6},"end":{"line":9,"column":8}},"3":{"start":{"line":12,"column":4},"end":{"line":14,"column":5}},"4":{"start":{"line":13,"column":6},"end":{"line":13,"column":72}},"5":{"start":{"line":15,"column":20},"end":{"line":17,"column":6}},"6":{"start":{"line":18,"column":4},"end":{"line":23,"column":5}},"7":{"start":{"line":19,"column":6},"end":{"line":22,"column":8}},"8":{"start":{"line":25,"column":4},"end":{"line":25,"column":49}},"9":{"start":{"line":34,"column":4},"end":{"line":40,"column":5}},"10":{"start":{"line":35,"column":6},"end":{"line":39,"column":8}},"11":{"start":{"line":42,"column":4},"end":{"line":44,"column":5}},"12":{"start":{"line":43,"column":6},"end":{"line":43,"column":75}},"13":{"start":{"line":46,"column":4},"end":{"line":48,"column":5}},"14":{"start":{"line":47,"column":6},"end":{"line":47,"column":68}},"15":{"start":{"line":50,"column":20},"end":{"line":52,"column":6}},"16":{"start":{"line":53,"column":4},"end":{"line":58,"column":5}},"17":{"start":{"line":54,"column":6},"end":{"line":57,"column":8}},"18":{"start":{"line":60,"column":4},"end":{"line":60,"column":49}},"19":{"start":{"line":63,"column":0},"end":{"line":66,"column":2}}},"fnMap":{"0":{"name":"validateDeposit","decl":{"start":{"line":3,"column":15},"end":{"line":3,"column":30}},"loc":{"start":{"line":3,"column":64},"end":{"line":26,"column":3}},"line":3},"1":{"name":"validateWithdrawal","decl":{"start":{"line":28,"column":17},"end":{"line":28,"column":35}},"loc":{"start":{"line":33,"column":4},"end":{"line":61,"column":3}},"line":33}},"branchMap":{"0":{"loc":{"start":{"line":4,"column":4},"end":{"line":10,"column":5}},"type":"if","locations":[{"start":{"line":4,"column":4},"end":{"line":10,"column":5}},{"start":{},"end":{}}],"line":4},"1":{"loc":{"start":{"line":4,"column":8},"end":{"line":4,"column":51}},"type":"binary-expr","locations":[{"start":{"line":4,"column":8},"end":{"line":4,"column":28}},{"start":{"line":4,"column":32},"end":{"line":4,"column":51}}],"line":4},"2":{"loc":{"start":{"line":12,"column":4},"end":{"line":14,"column":5}},"type":"if","locations":[{"start":{"line":12,"column":4},"end":{"line":14,"column":5}},{"start":{},"end":{}}],"line":12},"3":{"loc":{"start":{"line":12,"column":8},"end":{"line":12,"column":38}},"type":"binary-expr","locations":[{"start":{"line":12,"column":8},"end":{"line":12,"column":23}},{"start":{"line":12,"column":27},"end":{"line":12,"column":38}}],"line":12},"4":{"loc":{"start":{"line":18,"column":4},"end":{"line":23,"column":5}},"type":"if","locations":[{"start":{"line":18,"column":4},"end":{"line":23,"column":5}},{"start":{},"end":{}}],"line":18},"5":{"loc":{"start":{"line":34,"column":4},"end":{"line":40,"column":5}},"type":"if","locations":[{"start":{"line":34,"column":4},"end":{"line":40,"column":5}},{"start":{},"end":{}}],"line":34},"6":{"loc":{"start":{"line":34,"column":8},"end":{"line":34,"column":51}},"type":"binary-expr","locations":[{"start":{"line":34,"column":8},"end":{"line":34,"column":28}},{"start":{"line":34,"column":32},"end":{"line":34,"column":51}}],"line":34},"7":{"loc":{"start":{"line":42,"column":4},"end":{"line":44,"column":5}},"type":"if","locations":[{"start":{"line":42,"column":4},"end":{"line":44,"column":5}},{"start":{},"end":{}}],"line":42},"8":{"loc":{"start":{"line":42,"column":8},"end":{"line":42,"column":38}},"type":"binary-expr","locations":[{"start":{"line":42,"column":8},"end":{"line":42,"column":23}},{"start":{"line":42,"column":27},"end":{"line":42,"column":38}}],"line":42},"9":{"loc":{"start":{"line":46,"column":4},"end":{"line":48,"column":5}},"type":"if","locations":[{"start":{"line":46,"column":4},"end":{"line":48,"column":5}},{"start":{},"end":{}}],"line":46},"10":{"loc":{"start":{"line":53,"column":4},"end":{"line":58,"column":5}},"type":"if","locations":[{"start":{"line":53,"column":4},"end":{"line":58,"column":5}},{"start":{},"end":{}}],"line":53}},"s":{"0":6,"1":4,"2":1,"3":3,"4":1,"5":2,"6":2,"7":1,"8":1,"9":5,"10":1,"11":4,"12":1,"13":3,"14":1,"15":2,"16":2,"17":1,"18":1,"19":6},"f":{"0":4,"1":5},"b":{"0":[1,3],"1":[4,3],"2":[1,2],"3":[3,3],"4":[1,1],"5":[1,4],"6":[5,4],"7":[1,3],"8":[4,4],"9":[1,2],"10":[1,1]},"_coverageSchema":"1a1c01bbd47fc00a2c39e90264f33305004495a9","hash":"d5e05acf413dfd5286f4f7e5f82b1e214cb1ede4"}
}
