{"/app/controllers/balanceController.js": {"path":"/app/controllers/balanceController.js","statementMap":{"0":{"start":{"line":1,"column":16},"end":{"line":1,"column":44}},"1":{"start":{"line":2,"column":20},"end":{"line":2,"column":52}},"2":{"start":{"line":6,"column":21},"end":{"line":6,"column":41}},"3":{"start":{"line":7,"column":2},"end":{"line":11,"column":3}},"4":{"start":{"line":8,"column":4},"end":{"line":10,"column":68}},"5":{"start":{"line":14,"column":4},"end":{"line":16,"column":12}},"6":{"start":{"line":18,"column":4},"end":{"line":20,"column":12}},"7":{"start":{"line":22,"column":24},"end":{"line":22,"column":41}},"8":{"start":{"line":23,"column":27},"end":{"line":23,"column":47}},"9":{"start":{"line":25,"column":18},"end":{"line":25,"column":52}},"10":{"start":{"line":26,"column":25},"end":{"line":26,"column":57}},"11":{"start":{"line":27,"column":29},"end":{"line":27,"column":64}},"12":{"start":{"line":28,"column":24},"end":{"line":28,"column":56}},"13":{"start":{"line":29,"column":2},"end":{"line":29,"column":52}},"14":{"start":{"line":30,"column":18},"end":{"line":30,"column":48}},"15":{"start":{"line":33,"column":2},"end":{"line":33,"column":52}},"16":{"start":{"line":38,"column":2},"end":{"line":38,"column":37}},"17":{"start":{"line":39,"column":20},"end":{"line":39,"column":44}},"18":{"start":{"line":41,"column":2},"end":{"line":71,"column":3}},"19":{"start":{"line":43,"column":4},"end":{"line":43,"column":83}},"20":{"start":{"line":44,"column":4},"end":{"line":44,"column":52}},"21":{"start":{"line":47,"column":46},"end":{"line":54,"column":6}},"22":{"start":{"line":57,"column":20},"end":{"line":57,"column":66}},"23":{"start":{"line":60,"column":20},"end":{"line":60,"column":54}},"24":{"start":{"line":62,"column":4},"end":{"line":67,"column":5}},"25":{"start":{"line":63,"column":6},"end":{"line":63,"column":40}},"26":{"start":{"line":64,"column":6},"end":{"line":64,"column":58}},"27":{"start":{"line":66,"column":6},"end":{"line":66,"column":79}},"28":{"start":{"line":69,"column":4},"end":{"line":69,"column":73}},"29":{"start":{"line":70,"column":4},"end":{"line":70,"column":16}},"30":{"start":{"line":75,"column":0},"end":{"line":78,"column":2}}},"fnMap":{"0":{"name":"getBalance","decl":{"start":{"line":5,"column":15},"end":{"line":5,"column":25}},"loc":{"start":{"line":5,"column":36},"end":{"line":35,"column":1}},"line":5},"1":{"name":"recordTransaction","decl":{"start":{"line":37,"column":15},"end":{"line":37,"column":32}},"loc":{"start":{"line":37,"column":72},"end":{"line":72,"column":1}},"line":37}},"branchMap":{"0":{"loc":{"start":{"line":7,"column":2},"end":{"line":11,"column":3}},"type":"if","locations":[{"start":{"line":7,"column":2},"end":{"line":11,"column":3}},{"start":{},"end":{}}],"line":7},"1":{"loc":{"start":{"line":14,"column":4},"end":{"line":16,"column":12}},"type":"binary-expr","locations":[{"start":{"line":14,"column":5},"end":{"line":16,"column":6}},{"start":{"line":16,"column":11},"end":{"line":16,"column":12}}],"line":14},"2":{"loc":{"start":{"line":18,"column":4},"end":{"line":20,"column":12}},"type":"binary-expr","locations":[{"start":{"line":18,"column":5},"end":{"line":20,"column":6}},{"start":{"line":20,"column":11},"end":{"line":20,"column":12}}],"line":18},"3":{"loc":{"start":{"line":57,"column":21},"end":{"line":57,"column":39}},"type":"binary-expr","locations":[{"start":{"line":57,"column":21},"end":{"line":57,"column":34}},{"start":{"line":57,"column":38},"end":{"line":57,"column":39}}],"line":57},"4":{"loc":{"start":{"line":57,"column":44},"end":{"line":57,"column":65}},"type":"binary-expr","locations":[{"start":{"line":57,"column":44},"end":{"line":57,"column":60}},{"start":{"line":57,"column":64},"end":{"line":57,"column":65}}],"line":57},"5":{"loc":{"start":{"line":62,"column":4},"end":{"line":67,"column":5}},"type":"if","locations":[{"start":{"line":62,"column":4},"end":{"line":67,"column":5}},{"start":{"line":65,"column":11},"end":{"line":67,"column":5}}],"line":62}},"s":{"0":8,"1":8,"2":2,"3":2,"4":1,"5":1,"6":1,"7":1,"8":1,"9":1,"10":1,"11":1,"12":1,"13":1,"14":1,"15":1,"16":1,"17":1,"18":1,"19":1,"20":1,"21":1,"22":1,"23":1,"24":1,"25":1,"26":1,"27":0,"28":0,"29":0,"30":8},"f":{"0":2,"1":1},"b":{"0":[1,1],"1":[1,0],"2":[1,0],"3":[1,0],"4":[1,0],"5":[1,0]},"_coverageSchema":"1a1c01bbd47fc00a2c39e90264f33305004495a9","hash":"d6b819a1cf57b6e03c8fb499170fe3258e45c375"}
,"/app/controllers/transactionController.js": {"path":"/app/controllers/transactionController.js","statementMap":{"0":{"start":{"line":1,"column":48},"end":{"line":1,"column":88}},"1":{"start":{"line":2,"column":28},"end":{"line":2,"column":63}},"2":{"start":{"line":3,"column":16},"end":{"line":3,"column":44}},"3":{"start":{"line":7,"column":2},"end":{"line":7,"column":23}},"4":{"start":{"line":8,"column":21},"end":{"line":8,"column":29}},"5":{"start":{"line":10,"column":36},"end":{"line":14,"column":3}},"6":{"start":{"line":16,"column":2},"end":{"line":18,"column":3}},"7":{"start":{"line":17,"column":4},"end":{"line":17,"column":57}},"8":{"start":{"line":21,"column":2},"end":{"line":32,"column":5}},"9":{"start":{"line":34,"column":2},"end":{"line":34,"column":67}},"10":{"start":{"line":39,"column":21},"end":{"line":39,"column":29}},"11":{"start":{"line":40,"column":21},"end":{"line":40,"column":40}},"12":{"start":{"line":42,"column":2},"end":{"line":46,"column":3}},"13":{"start":{"line":43,"column":4},"end":{"line":45,"column":71}},"14":{"start":{"line":48,"column":18},"end":{"line":48,"column":52}},"15":{"start":{"line":50,"column":2},"end":{"line":54,"column":3}},"16":{"start":{"line":51,"column":4},"end":{"line":53,"column":66}},"17":{"start":{"line":56,"column":36},"end":{"line":61,"column":3}},"18":{"start":{"line":63,"column":2},"end":{"line":65,"column":3}},"19":{"start":{"line":64,"column":4},"end":{"line":64,"column":57}},"20":{"start":{"line":67,"column":2},"end":{"line":78,"column":5}},"21":{"start":{"line":80,"column":2},"end":{"line":80,"column":70}},"22":{"start":{"line":83,"column":0},"end":{"line":86,"column":2}}},"fnMap":{"0":{"name":"deposit","decl":{"start":{"line":6,"column":15},"end":{"line":6,"column":22}},"loc":{"start":{"line":6,"column":33},"end":{"line":36,"column":1}},"line":6},"1":{"name":"withdraw","decl":{"start":{"line":38,"column":15},"end":{"line":38,"column":23}},"loc":{"start":{"line":38,"column":34},"end":{"line":81,"column":1}},"line":38}},"branchMap":{"0":{"loc":{"start":{"line":16,"column":2},"end":{"line":18,"column":3}},"type":"if","locations":[{"start":{"line":16,"column":2},"end":{"line":18,"column":3}},{"start":{},"end":{}}],"line":16},"1":{"loc":{"start":{"line":42,"column":2},"end":{"line":46,"column":3}},"type":"if","locations":[{"start":{"line":42,"column":2},"end":{"line":46,"column":3}},{"start":{},"end":{}}],"line":42},"2":{"loc":{"start":{"line":50,"column":2},"end":{"line":54,"column":3}},"type":"if","locations":[{"start":{"line":50,"column":2},"end":{"line":54,"column":3}},{"start":{},"end":{}}],"line":50},"3":{"loc":{"start":{"line":63,"column":2},"end":{"line":65,"column":3}},"type":"if","locations":[{"start":{"line":63,"column":2},"end":{"line":65,"column":3}},{"start":{},"end":{}}],"line":63}},"s":{"0":5,"1":5,"2":5,"3":4,"4":4,"5":4,"6":4,"7":0,"8":4,"9":4,"10":4,"11":4,"12":4,"13":0,"14":4,"15":4,"16":0,"17":4,"18":4,"19":0,"20":4,"21":4,"22":5},"f":{"0":4,"1":4},"b":{"0":[0,4],"1":[0,4],"2":[0,4],"3":[0,4]},"_coverageSchema":"1a1c01bbd47fc00a2c39e90264f33305004495a9","hash":"6f63839114e4b7c3845ccc7b19066d4899562a22"}
,"/app/models/account.js": {"path":"/app/models/account.js","statementMap":{"0":{"start":{"line":1,"column":29},"end":{"line":1,"column":49}},"1":{"start":{"line":2,"column":22},"end":{"line":2,"column":60}},"2":{"start":{"line":6,"column":0},"end":{"line":14,"column":2}},"3":{"start":{"line":16,"column":0},"end":{"line":16,"column":25}}},"fnMap":{},"branchMap":{},"s":{"0":18,"1":18,"2":18,"3":18},"f":{},"b":{},"_coverageSchema":"1a1c01bbd47fc00a2c39e90264f33305004495a9","hash":"5a971c0f0eafe82c8b2aacd1a3804d9c679e8495"}
,"/app/models/customer.js": {"path":"/app/models/customer.js","statementMap":{"0":{"start":{"line":1,"column":29},"end":{"line":1,"column":49}},"1":{"start":{"line":2,"column":22},"end":{"line":2,"column":60}},"2":{"start":{"line":6,"column":0},"end":{"line":12,"column":2}},"3":{"start":{"line":14,"column":0},"end":{"line":14,"column":26}}},"fnMap":{},"branchMap":{},"s":{"0":1,"1":1,"2":1,"3":1},"f":{},"b":{},"_coverageSchema":"1a1c01bbd47fc00a2c39e90264f33305004495a9","hash":"2b89d3dcea728b53fb7db3acd60f814f28350a98"}
,"/app/models/transaction.js": {"path":"/app/models/transaction.js","statementMap":{"0":{"start":{"line":1,"column":29},"end":{"line":1,"column":49}},"1":{"start":{"line":2,"column":22},"end":{"line":2,"column":60}},"2":{"start":{"line":6,"column":0},"end":{"line":16,"column":2}},"3":{"start":{"line":18,"column":0},"end":{"line":18,"column":29}}},"fnMap":{},"branchMap":{},"s":{"0":18,"1":18,"2":18,"3":18},"f":{},"b":{},"_coverageSchema":"1a1c01bbd47fc00a2c39e90264f33305004495a9","hash":"26c5db80905d9468a62193330cb4867eb46685aa"}
,"/app/routes/transactionRoutes.js": {"path":"/app/routes/transactionRoutes.js","statementMap":{"0":{"start":{"line":1,"column":16},"end":{"line":1,"column":34}},"1":{"start":{"line":2,"column":15},"end":{"line":2,"column":31}},"2":{"start":{"line":3,"column":30},"end":{"line":3,"column":77}},"3":{"start":{"line":5,"column":0},"end":{"line":5,"column":33}},"4":{"start":{"line":6,"column":0},"end":{"line":6,"column":35}},"5":{"start":{"line":8,"column":0},"end":{"line":8,"column":24}}},"fnMap":{},"branchMap":{},"s":{"0":1,"1":1,"2":1,"3":1,"4":1,"5":1},"f":{},"b":{},"_coverageSchema":"1a1c01bbd47fc00a2c39e90264f33305004495a9","hash":"875b1b03e844c1cdcb72e4baf4380dd34559bd57"}
,"/app/services/databaseService.js": {"path":"/app/services/databaseService.js","statementMap":{"0":{"start":{"line":1,"column":22},"end":{"line":1,"column":42}},"1":{"start":{"line":2,"column":0},"end":{"line":2,"column":27}},"2":{"start":{"line":4,"column":20},"end":{"line":4,"column":53}},"3":{"start":{"line":5,"column":20},"end":{"line":5,"column":62}},"4":{"start":{"line":6,"column":16},"end":{"line":6,"column":46}},"5":{"start":{"line":7,"column":16},"end":{"line":7,"column":43}},"6":{"start":{"line":8,"column":16},"end":{"line":8,"column":48}},"7":{"start":{"line":11,"column":18},"end":{"line":11,"column":105}},"8":{"start":{"line":15,"column":0},"end":{"line":17,"column":2}}},"fnMap":{},"branchMap":{"0":{"loc":{"start":{"line":4,"column":20},"end":{"line":4,"column":53}},"type":"binary-expr","locations":[{"start":{"line":4,"column":20},"end":{"line":4,"column":43}},{"start":{"line":4,"column":47},"end":{"line":4,"column":53}}],"line":4},"1":{"loc":{"start":{"line":5,"column":20},"end":{"line":5,"column":62}},"type":"binary-expr","locations":[{"start":{"line":5,"column":20},"end":{"line":5,"column":43}},{"start":{"line":5,"column":47},"end":{"line":5,"column":62}}],"line":5},"2":{"loc":{"start":{"line":6,"column":16},"end":{"line":6,"column":46}},"type":"binary-expr","locations":[{"start":{"line":6,"column":16},"end":{"line":6,"column":35}},{"start":{"line":6,"column":39},"end":{"line":6,"column":46}}],"line":6},"3":{"loc":{"start":{"line":7,"column":16},"end":{"line":7,"column":43}},"type":"binary-expr","locations":[{"start":{"line":7,"column":16},"end":{"line":7,"column":35}},{"start":{"line":7,"column":39},"end":{"line":7,"column":43}}],"line":7},"4":{"loc":{"start":{"line":8,"column":16},"end":{"line":8,"column":48}},"type":"binary-expr","locations":[{"start":{"line":8,"column":16},"end":{"line":8,"column":35}},{"start":{"line":8,"column":39},"end":{"line":8,"column":48}}],"line":8}},"s":{"0":24,"1":24,"2":24,"3":24,"4":24,"5":24,"6":24,"7":24,"8":24},"f":{},"b":{"0":[24,24],"1":[24,0],"2":[24,0],"3":[24,0],"4":[24,0]},"_coverageSchema":"1a1c01bbd47fc00a2c39e90264f33305004495a9","hash":"fc281b122d888047477e33d3b4692d794625a300"}
,"/app/services/kafkaService.js": {"path":"/app/services/kafkaService.js","statementMap":{"0":{"start":{"line":1,"column":18},"end":{"line":1,"column":36}},"1":{"start":{"line":2,"column":54},"end":{"line":2,"column":79}},"2":{"start":{"line":3,"column":14},"end":{"line":10,"column":2}},"3":{"start":{"line":11,"column":17},"end":{"line":11,"column":33}},"4":{"start":{"line":12,"column":17},"end":{"line":12,"column":52}},"5":{"start":{"line":15,"column":2},"end":{"line":15,"column":27}},"6":{"start":{"line":16,"column":2},"end":{"line":16,"column":26}},"7":{"start":{"line":17,"column":2},"end":{"line":17,"column":71}},"8":{"start":{"line":18,"column":2},"end":{"line":18,"column":71}},"9":{"start":{"line":19,"column":2},"end":{"line":29,"column":5}},"10":{"start":{"line":21,"column":6},"end":{"line":27,"column":7}},"11":{"start":{"line":22,"column":8},"end":{"line":22,"column":42}},"12":{"start":{"line":23,"column":13},"end":{"line":27,"column":7}},"13":{"start":{"line":24,"column":8},"end":{"line":24,"column":45}},"14":{"start":{"line":26,"column":8},"end":{"line":26,"column":28}},"15":{"start":{"line":34,"column":0},"end":{"line":39,"column":2}}},"fnMap":{"0":{"name":"subscribeToTopics","decl":{"start":{"line":14,"column":15},"end":{"line":14,"column":32}},"loc":{"start":{"line":14,"column":35},"end":{"line":32,"column":1}},"line":14},"1":{"name":"(anonymous_1)","decl":{"start":{"line":20,"column":17},"end":{"line":20,"column":18}},"loc":{"start":{"line":20,"column":58},"end":{"line":28,"column":5}},"line":20}},"branchMap":{"0":{"loc":{"start":{"line":21,"column":6},"end":{"line":27,"column":7}},"type":"if","locations":[{"start":{"line":21,"column":6},"end":{"line":27,"column":7}},{"start":{"line":23,"column":13},"end":{"line":27,"column":7}}],"line":21},"1":{"loc":{"start":{"line":23,"column":13},"end":{"line":27,"column":7}},"type":"if","locations":[{"start":{"line":23,"column":13},"end":{"line":27,"column":7}},{"start":{"line":25,"column":13},"end":{"line":27,"column":7}}],"line":23}},"s":{"0":6,"1":6,"2":6,"3":6,"4":6,"5":1,"6":1,"7":1,"8":1,"9":1,"10":0,"11":0,"12":0,"13":0,"14":0,"15":6},"f":{"0":1,"1":0},"b":{"0":[0,0],"1":[0,0]},"_coverageSchema":"1a1c01bbd47fc00a2c39e90264f33305004495a9","hash":"7c57f1a70b71412eb722b4acfa0f369f75376482"}
,"/app/services/queueService.js": {"path":"/app/services/queueService.js","statementMap":{"0":{"start":{"line":1,"column":14},"end":{"line":1,"column":29}},"1":{"start":{"line":2,"column":29},"end":{"line":2,"column":72}},"2":{"start":{"line":3,"column":16},"end":{"line":3,"column":44}},"3":{"start":{"line":5,"column":14},"end":{"line":7,"column":2}},"4":{"start":{"line":10,"column":22},"end":{"line":10,"column":64}},"5":{"start":{"line":12,"column":24},"end":{"line":12,"column":25}},"6":{"start":{"line":13,"column":27},"end":{"line":13,"column":28}},"7":{"start":{"line":15,"column":2},"end":{"line":22,"column":5}},"8":{"start":{"line":16,"column":22},"end":{"line":16,"column":30}},"9":{"start":{"line":17,"column":6},"end":{"line":21,"column":7}},"10":{"start":{"line":18,"column":10},"end":{"line":18,"column":49}},"11":{"start":{"line":19,"column":13},"end":{"line":21,"column":7}},"12":{"start":{"line":20,"column":10},"end":{"line":20,"column":52}},"13":{"start":{"line":24,"column":2},"end":{"line":24,"column":49}},"14":{"start":{"line":29,"column":2},"end":{"line":59,"column":5}},"15":{"start":{"line":31,"column":4},"end":{"line":58,"column":5}},"16":{"start":{"line":32,"column":6},"end":{"line":32,"column":48}},"17":{"start":{"line":33,"column":56},"end":{"line":33,"column":64}},"18":{"start":{"line":34,"column":6},"end":{"line":34,"column":38}},"19":{"start":{"line":35,"column":6},"end":{"line":49,"column":7}},"20":{"start":{"line":36,"column":8},"end":{"line":36,"column":29}},"21":{"start":{"line":38,"column":8},"end":{"line":38,"column":76}},"22":{"start":{"line":39,"column":13},"end":{"line":49,"column":7}},"23":{"start":{"line":40,"column":8},"end":{"line":40,"column":51}},"24":{"start":{"line":41,"column":8},"end":{"line":41,"column":29}},"25":{"start":{"line":42,"column":24},"end":{"line":42,"column":58}},"26":{"start":{"line":43,"column":8},"end":{"line":46,"column":9}},"27":{"start":{"line":44,"column":10},"end":{"line":44,"column":45}},"28":{"start":{"line":45,"column":10},"end":{"line":45,"column":81}},"29":{"start":{"line":48,"column":8},"end":{"line":48,"column":47}},"30":{"start":{"line":52,"column":6},"end":{"line":57,"column":7}},"31":{"start":{"line":53,"column":8},"end":{"line":53,"column":33}},"32":{"start":{"line":55,"column":8},"end":{"line":55,"column":77}},"33":{"start":{"line":56,"column":8},"end":{"line":56,"column":20}},"34":{"start":{"line":61,"column":13},"end":{"line":61,"column":34}},"35":{"start":{"line":62,"column":1},"end":{"line":62,"column":54}},"36":{"start":{"line":66,"column":14},"end":{"line":66,"column":50}},"37":{"start":{"line":67,"column":2},"end":{"line":72,"column":5}},"38":{"start":{"line":76,"column":14},"end":{"line":76,"column":50}},"39":{"start":{"line":77,"column":2},"end":{"line":77,"column":39}},"40":{"start":{"line":78,"column":2},"end":{"line":83,"column":5}},"41":{"start":{"line":87,"column":0},"end":{"line":93,"column":2}}},"fnMap":{"0":{"name":"getQueueTotals","decl":{"start":{"line":9,"column":15},"end":{"line":9,"column":29}},"loc":{"start":{"line":9,"column":42},"end":{"line":25,"column":1}},"line":9},"1":{"name":"(anonymous_1)","decl":{"start":{"line":15,"column":22},"end":{"line":15,"column":23}},"loc":{"start":{"line":15,"column":31},"end":{"line":22,"column":3}},"line":15},"2":{"name":"startQueueWorker","decl":{"start":{"line":27,"column":15},"end":{"line":27,"column":31}},"loc":{"start":{"line":27,"column":34},"end":{"line":63,"column":1}},"line":27},"3":{"name":"(anonymous_3)","decl":{"start":{"line":29,"column":39},"end":{"line":29,"column":40}},"loc":{"start":{"line":29,"column":54},"end":{"line":59,"column":3}},"line":29},"4":{"name":"handleWithdrawalEvent","decl":{"start":{"line":65,"column":15},"end":{"line":65,"column":36}},"loc":{"start":{"line":65,"column":46},"end":{"line":73,"column":1}},"line":65},"5":{"name":"handleDepositEvent","decl":{"start":{"line":75,"column":15},"end":{"line":75,"column":33}},"loc":{"start":{"line":75,"column":43},"end":{"line":84,"column":1}},"line":75}},"branchMap":{"0":{"loc":{"start":{"line":17,"column":6},"end":{"line":21,"column":7}},"type":"if","locations":[{"start":{"line":17,"column":6},"end":{"line":21,"column":7}},{"start":{"line":19,"column":13},"end":{"line":21,"column":7}}],"line":17},"1":{"loc":{"start":{"line":17,"column":10},"end":{"line":17,"column":94}},"type":"binary-expr","locations":[{"start":{"line":17,"column":10},"end":{"line":17,"column":17}},{"start":{"line":17,"column":21},"end":{"line":17,"column":47}},{"start":{"line":17,"column":51},"end":{"line":17,"column":94}}],"line":17},"2":{"loc":{"start":{"line":18,"column":29},"end":{"line":18,"column":48}},"type":"binary-expr","locations":[{"start":{"line":18,"column":29},"end":{"line":18,"column":43}},{"start":{"line":18,"column":47},"end":{"line":18,"column":48}}],"line":18},"3":{"loc":{"start":{"line":19,"column":13},"end":{"line":21,"column":7}},"type":"if","locations":[{"start":{"line":19,"column":13},"end":{"line":21,"column":7}},{"start":{},"end":{}}],"line":19},"4":{"loc":{"start":{"line":19,"column":17},"end":{"line":19,"column":104}},"type":"binary-expr","locations":[{"start":{"line":19,"column":17},"end":{"line":19,"column":24}},{"start":{"line":19,"column":28},"end":{"line":19,"column":57}},{"start":{"line":19,"column":61},"end":{"line":19,"column":104}}],"line":19},"5":{"loc":{"start":{"line":20,"column":32},"end":{"line":20,"column":51}},"type":"binary-expr","locations":[{"start":{"line":20,"column":32},"end":{"line":20,"column":46}},{"start":{"line":20,"column":50},"end":{"line":20,"column":51}}],"line":20},"6":{"loc":{"start":{"line":35,"column":6},"end":{"line":49,"column":7}},"type":"if","locations":[{"start":{"line":35,"column":6},"end":{"line":49,"column":7}},{"start":{"line":39,"column":13},"end":{"line":49,"column":7}}],"line":35},"7":{"loc":{"start":{"line":39,"column":13},"end":{"line":49,"column":7}},"type":"if","locations":[{"start":{"line":39,"column":13},"end":{"line":49,"column":7}},{"start":{"line":47,"column":12},"end":{"line":49,"column":7}}],"line":39},"8":{"loc":{"start":{"line":43,"column":8},"end":{"line":46,"column":9}},"type":"if","locations":[{"start":{"line":43,"column":8},"end":{"line":46,"column":9}},{"start":{},"end":{}}],"line":43},"9":{"loc":{"start":{"line":52,"column":6},"end":{"line":57,"column":7}},"type":"if","locations":[{"start":{"line":52,"column":6},"end":{"line":57,"column":7}},{"start":{"line":54,"column":13},"end":{"line":57,"column":7}}],"line":52}},"s":{"0":8,"1":8,"2":8,"3":8,"4":1,"5":1,"6":1,"7":1,"8":0,"9":0,"10":0,"11":0,"12":0,"13":1,"14":1,"15":2,"16":2,"17":2,"18":2,"19":2,"20":1,"21":1,"22":1,"23":1,"24":1,"25":1,"26":1,"27":1,"28":1,"29":0,"30":0,"31":0,"32":0,"33":0,"34":1,"35":1,"36":1,"37":1,"38":1,"39":1,"40":1,"41":8},"f":{"0":1,"1":0,"2":1,"3":2,"4":1,"5":1},"b":{"0":[0,0],"1":[0,0,0],"2":[0,0],"3":[0,0],"4":[0,0,0],"5":[0,0],"6":[1,1],"7":[1,0],"8":[1,0],"9":[0,0]},"_coverageSchema":"1a1c01bbd47fc00a2c39e90264f33305004495a9","hash":"dd5d0857b3b22b4e10f5cadec0d47dc01301b604"}
,"/app/services/validationService.js": {"path":"/app/services/validationService.js","statementMap":{"0":{"start":{"line":1,"column":16},"end":{"line":1,"column":44}},"1":{"start":{"line":2,"column":20},"end":{"line":2,"column":52}},"2":{"start":{"line":3,"column":33},"end":{"line":3,"column":52}},"3":{"start":{"line":4,"column":22},"end":{"line":4,"column":42}},"4":{"start":{"line":6,"column":2},"end":{"line":12,"column":3}},"5":{"start":{"line":7,"column":4},"end":{"line":11,"column":6}},"6":{"start":{"line":14,"column":2},"end":{"line":19,"column":3}},"7":{"start":{"line":15,"column":4},"end":{"line":18,"column":6}},"8":{"start":{"line":21,"column":32},"end":{"line":31,"column":2}},"9":{"start":{"line":32,"column":0},"end":{"line":32,"column":51}},"10":{"start":{"line":34,"column":0},"end":{"line":36,"column":1}},"11":{"start":{"line":35,"column":4},"end":{"line":35,"column":102}},"12":{"start":{"line":38,"column":30},"end":{"line":46,"column":7}},"13":{"start":{"line":47,"column":0},"end":{"line":47,"column":62}},"14":{"start":{"line":49,"column":0},"end":{"line":51,"column":1}},"15":{"start":{"line":50,"column":4},"end":{"line":50,"column":101}},"16":{"start":{"line":55,"column":2},"end":{"line":57,"column":3}},"17":{"start":{"line":56,"column":4},"end":{"line":56,"column":70}},"18":{"start":{"line":58,"column":18},"end":{"line":60,"column":4}},"19":{"start":{"line":61,"column":2},"end":{"line":66,"column":3}},"20":{"start":{"line":62,"column":4},"end":{"line":65,"column":6}},"21":{"start":{"line":68,"column":2},"end":{"line":68,"column":47}},"22":{"start":{"line":77,"column":2},"end":{"line":83,"column":3}},"23":{"start":{"line":78,"column":4},"end":{"line":82,"column":6}},"24":{"start":{"line":85,"column":2},"end":{"line":87,"column":3}},"25":{"start":{"line":86,"column":4},"end":{"line":86,"column":73}},"26":{"start":{"line":89,"column":2},"end":{"line":91,"column":3}},"27":{"start":{"line":90,"column":4},"end":{"line":90,"column":66}},"28":{"start":{"line":93,"column":18},"end":{"line":95,"column":4}},"29":{"start":{"line":97,"column":2},"end":{"line":99,"column":1}},"30":{"start":{"line":98,"column":4},"end":{"line":98,"column":94}},"31":{"start":{"line":101,"column":33},"end":{"line":109,"column":2}},"32":{"start":{"line":111,"column":0},"end":{"line":113,"column":1}},"33":{"start":{"line":112,"column":4},"end":{"line":112,"column":105}},"34":{"start":{"line":115,"column":33},"end":{"line":123,"column":7}},"35":{"start":{"line":125,"column":0},"end":{"line":127,"column":1}},"36":{"start":{"line":126,"column":4},"end":{"line":126,"column":103}},"37":{"start":{"line":129,"column":2},"end":{"line":134,"column":3}},"38":{"start":{"line":130,"column":4},"end":{"line":133,"column":6}},"39":{"start":{"line":136,"column":2},"end":{"line":136,"column":47}},"40":{"start":{"line":139,"column":0},"end":{"line":142,"column":2}}},"fnMap":{"0":{"name":"validateDeposit","decl":{"start":{"line":5,"column":15},"end":{"line":5,"column":30}},"loc":{"start":{"line":5,"column":64},"end":{"line":69,"column":1}},"line":5},"1":{"name":"validateWithdrawal","decl":{"start":{"line":71,"column":15},"end":{"line":71,"column":33}},"loc":{"start":{"line":76,"column":2},"end":{"line":137,"column":1}},"line":76}},"branchMap":{"0":{"loc":{"start":{"line":6,"column":2},"end":{"line":12,"column":3}},"type":"if","locations":[{"start":{"line":6,"column":2},"end":{"line":12,"column":3}},{"start":{},"end":{}}],"line":6},"1":{"loc":{"start":{"line":6,"column":6},"end":{"line":6,"column":49}},"type":"binary-expr","locations":[{"start":{"line":6,"column":6},"end":{"line":6,"column":26}},{"start":{"line":6,"column":30},"end":{"line":6,"column":49}}],"line":6},"2":{"loc":{"start":{"line":14,"column":2},"end":{"line":19,"column":3}},"type":"if","locations":[{"start":{"line":14,"column":2},"end":{"line":19,"column":3}},{"start":{},"end":{}}],"line":14},"3":{"loc":{"start":{"line":34,"column":0},"end":{"line":36,"column":1}},"type":"if","locations":[{"start":{"line":34,"column":0},"end":{"line":36,"column":1}},{"start":{},"end":{}}],"line":34},"4":{"loc":{"start":{"line":38,"column":30},"end":{"line":46,"column":7}},"type":"binary-expr","locations":[{"start":{"line":38,"column":30},"end":{"line":46,"column":2}},{"start":{"line":46,"column":6},"end":{"line":46,"column":7}}],"line":38},"5":{"loc":{"start":{"line":49,"column":0},"end":{"line":51,"column":1}},"type":"if","locations":[{"start":{"line":49,"column":0},"end":{"line":51,"column":1}},{"start":{},"end":{}}],"line":49},"6":{"loc":{"start":{"line":55,"column":2},"end":{"line":57,"column":3}},"type":"if","locations":[{"start":{"line":55,"column":2},"end":{"line":57,"column":3}},{"start":{},"end":{}}],"line":55},"7":{"loc":{"start":{"line":55,"column":6},"end":{"line":55,"column":36}},"type":"binary-expr","locations":[{"start":{"line":55,"column":6},"end":{"line":55,"column":21}},{"start":{"line":55,"column":25},"end":{"line":55,"column":36}}],"line":55},"8":{"loc":{"start":{"line":61,"column":2},"end":{"line":66,"column":3}},"type":"if","locations":[{"start":{"line":61,"column":2},"end":{"line":66,"column":3}},{"start":{},"end":{}}],"line":61},"9":{"loc":{"start":{"line":77,"column":2},"end":{"line":83,"column":3}},"type":"if","locations":[{"start":{"line":77,"column":2},"end":{"line":83,"column":3}},{"start":{},"end":{}}],"line":77},"10":{"loc":{"start":{"line":77,"column":6},"end":{"line":77,"column":49}},"type":"binary-expr","locations":[{"start":{"line":77,"column":6},"end":{"line":77,"column":26}},{"start":{"line":77,"column":30},"end":{"line":77,"column":49}}],"line":77},"11":{"loc":{"start":{"line":85,"column":2},"end":{"line":87,"column":3}},"type":"if","locations":[{"start":{"line":85,"column":2},"end":{"line":87,"column":3}},{"start":{},"end":{}}],"line":85},"12":{"loc":{"start":{"line":85,"column":6},"end":{"line":85,"column":36}},"type":"binary-expr","locations":[{"start":{"line":85,"column":6},"end":{"line":85,"column":21}},{"start":{"line":85,"column":25},"end":{"line":85,"column":36}}],"line":85},"13":{"loc":{"start":{"line":89,"column":2},"end":{"line":91,"column":3}},"type":"if","locations":[{"start":{"line":89,"column":2},"end":{"line":91,"column":3}},{"start":{},"end":{}}],"line":89},"14":{"loc":{"start":{"line":97,"column":2},"end":{"line":99,"column":1}},"type":"if","locations":[{"start":{"line":97,"column":2},"end":{"line":99,"column":1}},{"start":{},"end":{}}],"line":97},"15":{"loc":{"start":{"line":111,"column":0},"end":{"line":113,"column":1}},"type":"if","locations":[{"start":{"line":111,"column":0},"end":{"line":113,"column":1}},{"start":{},"end":{}}],"line":111},"16":{"loc":{"start":{"line":115,"column":33},"end":{"line":123,"column":7}},"type":"binary-expr","locations":[{"start":{"line":115,"column":33},"end":{"line":123,"column":2}},{"start":{"line":123,"column":6},"end":{"line":123,"column":7}}],"line":115},"17":{"loc":{"start":{"line":125,"column":0},"end":{"line":127,"column":1}},"type":"if","locations":[{"start":{"line":125,"column":0},"end":{"line":127,"column":1}},{"start":{},"end":{}}],"line":125},"18":{"loc":{"start":{"line":129,"column":2},"end":{"line":134,"column":3}},"type":"if","locations":[{"start":{"line":129,"column":2},"end":{"line":134,"column":3}},{"start":{},"end":{}}],"line":129}},"s":{"0":6,"1":6,"2":6,"3":6,"4":4,"5":1,"6":3,"7":0,"8":3,"9":3,"10":3,"11":0,"12":3,"13":3,"14":3,"15":0,"16":3,"17":1,"18":2,"19":2,"20":1,"21":1,"22":5,"23":1,"24":4,"25":1,"26":3,"27":1,"28":2,"29":2,"30":0,"31":2,"32":2,"33":0,"34":2,"35":2,"36":0,"37":2,"38":1,"39":1,"40":6},"f":{"0":4,"1":5},"b":{"0":[1,3],"1":[4,3],"2":[0,3],"3":[0,3],"4":[3,3],"5":[0,3],"6":[1,2],"7":[3,3],"8":[1,1],"9":[1,4],"10":[5,4],"11":[1,3],"12":[4,4],"13":[1,2],"14":[0,2],"15":[0,2],"16":[2,2],"17":[0,2],"18":[1,1]},"_coverageSchema":"1a1c01bbd47fc00a2c39e90264f33305004495a9","hash":"1a9d12cfb2e06dcd4a13ef876343a8eeb8f0742f"}
}
