TN:
SF:controllers/balanceController.js
FN:4,getBalance
FN:31,recordTransaction
FNF:2
FNH:2
FNDA:2,getBalance
FNDA:1,recordTransaction
DA:1,8
DA:2,8
DA:5,2
DA:6,2
DA:7,1
DA:13,1
DA:17,1
DA:21,1
DA:22,1
DA:24,1
DA:25,1
DA:27,1
DA:32,1
DA:33,1
DA:35,1
DA:37,1
DA:38,1
DA:41,1
DA:51,1
DA:54,1
DA:56,1
DA:57,1
DA:58,1
DA:60,0
DA:63,0
DA:64,0
DA:69,8
LF:27
LH:24
BRDA:6,0,0,1
BRDA:6,0,1,1
BRDA:13,1,0,1
BRDA:13,1,1,0
BRDA:17,2,0,1
BRDA:17,2,1,0
BRDA:51,3,0,1
BRDA:51,3,1,0
BRDA:51,4,0,1
BRDA:51,4,1,0
BRDA:56,5,0,1
BRDA:56,5,1,0
BRF:12
BRH:7
end_of_record
TN:
SF:controllers/transactionController.js
FN:5,deposit
FN:36,withdraw
FNF:2
FNH:2
FNDA:4,deposit
FNDA:4,withdraw
DA:1,5
DA:2,5
DA:3,5
DA:6,4
DA:7,4
DA:9,4
DA:15,4
DA:16,0
DA:19,4
DA:32,4
DA:37,4
DA:38,4
DA:40,4
DA:41,0
DA:46,4
DA:48,4
DA:49,0
DA:54,4
DA:61,4
DA:62,0
DA:65,4
DA:78,4
DA:81,5
LF:23
LH:19
BRDA:15,0,0,0
BRDA:15,0,1,4
BRDA:40,1,0,0
BRDA:40,1,1,4
BRDA:48,2,0,0
BRDA:48,2,1,4
BRDA:61,3,0,0
BRDA:61,3,1,4
BRF:8
BRH:4
end_of_record
TN:
SF:models/account.js
FNF:0
FNH:0
DA:1,18
DA:2,18
DA:6,18
DA:16,18
LF:4
LH:4
BRF:0
BRH:0
end_of_record
TN:
SF:models/customer.js
FNF:0
FNH:0
DA:1,1
DA:2,1
DA:6,1
DA:14,1
LF:4
LH:4
BRF:0
BRH:0
end_of_record
TN:
SF:models/transaction.js
FNF:0
FNH:0
DA:1,13
DA:2,13
DA:6,13
DA:18,13
LF:4
LH:4
BRF:0
BRH:0
end_of_record
TN:
SF:routes/transactionRoutes.js
FNF:0
FNH:0
DA:1,1
DA:2,1
DA:3,1
DA:5,1
DA:6,1
DA:8,1
LF:6
LH:6
BRF:0
BRH:0
end_of_record
TN:
SF:services/databaseService.js
FNF:0
FNH:0
DA:1,23
DA:3,23
DA:5,23
LF:3
LH:3
BRF:0
BRH:0
end_of_record
TN:
SF:services/kafkaService.js
FN:7,subscribeToTopics
FN:12,(anonymous_1)
FNF:2
FNH:1
FNDA:1,subscribeToTopics
FNDA:0,(anonymous_1)
DA:1,6
DA:2,6
DA:3,6
DA:4,6
DA:5,6
DA:8,1
DA:9,1
DA:10,1
DA:11,1
DA:13,0
DA:14,0
DA:15,0
DA:16,0
DA:23,6
LF:14
LH:10
BRDA:13,0,0,0
BRDA:13,0,1,0
BRDA:15,1,0,0
BRDA:15,1,1,0
BRF:4
BRH:0
end_of_record
TN:
SF:services/queueService.js
FN:9,startQueueWorker
FN:11,(anonymous_1)
FN:47,handleWithdrawalEvent
FN:57,handleDepositEvent
FNF:4
FNH:4
FNDA:1,startQueueWorker
FNDA:2,(anonymous_1)
FNDA:1,handleWithdrawalEvent
FNDA:1,handleDepositEvent
DA:1,7
DA:2,7
DA:3,7
DA:5,7
DA:11,1
DA:13,2
DA:14,2
DA:15,2
DA:16,2
DA:17,2
DA:18,1
DA:20,1
DA:21,1
DA:22,1
DA:23,1
DA:24,1
DA:25,1
DA:26,1
DA:27,1
DA:30,0
DA:34,0
DA:35,0
DA:37,0
DA:38,0
DA:43,1
DA:44,1
DA:48,1
DA:49,1
DA:58,1
DA:59,1
DA:60,1
DA:69,7
LF:32
LH:27
BRDA:17,0,0,1
BRDA:17,0,1,1
BRDA:21,1,0,1
BRDA:21,1,1,0
BRDA:25,2,0,1
BRDA:25,2,1,0
BRDA:34,3,0,0
BRDA:34,3,1,0
BRF:8
BRH:4
end_of_record
TN:
SF:services/validationService.js
FN:3,validateDeposit
FN:28,validateWithdrawal
FNF:2
FNH:2
FNDA:4,validateDeposit
FNDA:5,validateWithdrawal
DA:1,6
DA:4,4
DA:5,1
DA:12,3
DA:13,1
DA:15,2
DA:18,2
DA:19,1
DA:25,1
DA:34,5
DA:35,1
DA:42,4
DA:43,1
DA:46,3
DA:47,1
DA:50,2
DA:53,2
DA:54,1
DA:60,1
DA:63,6
LF:20
LH:20
BRDA:4,0,0,1
BRDA:4,0,1,3
BRDA:4,1,0,4
BRDA:4,1,1,3
BRDA:12,2,0,1
BRDA:12,2,1,2
BRDA:12,3,0,3
BRDA:12,3,1,3
BRDA:18,4,0,1
BRDA:18,4,1,1
BRDA:34,5,0,1
BRDA:34,5,1,4
BRDA:34,6,0,5
BRDA:34,6,1,4
BRDA:42,7,0,1
BRDA:42,7,1,3
BRDA:42,8,0,4
BRDA:42,8,1,4
BRDA:46,9,0,1
BRDA:46,9,1,2
BRDA:53,10,0,1
BRDA:53,10,1,1
BRF:22
BRH:22
end_of_record
