TN:
SF:controllers/balanceController.js
FN:5,getBalance
FN:37,recordTransaction
FNF:2
FNH:2
FNDA:2,getBalance
FNDA:1,recordTransaction
DA:1,8
DA:2,8
DA:6,2
DA:7,2
DA:8,1
DA:14,1
DA:18,1
DA:22,1
DA:23,1
DA:25,1
DA:26,1
DA:27,1
DA:28,1
DA:29,1
DA:30,1
DA:33,1
DA:38,1
DA:39,1
DA:41,1
DA:43,1
DA:44,1
DA:47,1
DA:57,1
DA:60,1
DA:62,1
DA:63,1
DA:64,1
DA:66,0
DA:69,0
DA:70,0
DA:75,8
LF:31
LH:28
BRDA:7,0,0,1
BRDA:7,0,1,1
BRDA:14,1,0,1
BRDA:14,1,1,0
BRDA:18,2,0,1
BRDA:18,2,1,0
BRDA:57,3,0,1
BRDA:57,3,1,0
BRDA:57,4,0,1
BRDA:57,4,1,0
BRDA:62,5,0,1
BRDA:62,5,1,0
BRF:12
BRH:7
end_of_record
TN:
SF:controllers/transactionController.js
FN:6,deposit
FN:38,withdraw
FNF:2
FNH:2
FNDA:4,deposit
FNDA:4,withdraw
DA:1,5
DA:2,5
DA:3,5
DA:7,4
DA:8,4
DA:10,4
DA:16,4
DA:17,0
DA:21,4
DA:34,4
DA:39,4
DA:40,4
DA:42,4
DA:43,0
DA:48,4
DA:50,4
DA:51,0
DA:56,4
DA:63,4
DA:64,0
DA:67,4
DA:80,4
DA:83,5
LF:23
LH:19
BRDA:16,0,0,0
BRDA:16,0,1,4
BRDA:42,1,0,0
BRDA:42,1,1,4
BRDA:50,2,0,0
BRDA:50,2,1,4
BRDA:63,3,0,0
BRDA:63,3,1,4
BRF:8
BRH:4
end_of_record
TN:
SF:models/account.js
FNF:0
FNH:0
DA:1,18
DA:2,18
DA:6,18
DA:16,18
LF:4
LH:4
BRF:0
BRH:0
end_of_record
TN:
SF:models/customer.js
FNF:0
FNH:0
DA:1,1
DA:2,1
DA:6,1
DA:14,1
LF:4
LH:4
BRF:0
BRH:0
end_of_record
TN:
SF:models/transaction.js
FNF:0
FNH:0
DA:1,18
DA:2,18
DA:6,18
DA:18,18
LF:4
LH:4
BRF:0
BRH:0
end_of_record
TN:
SF:routes/transactionRoutes.js
FNF:0
FNH:0
DA:1,1
DA:2,1
DA:3,1
DA:5,1
DA:6,1
DA:8,1
LF:6
LH:6
BRF:0
BRH:0
end_of_record
TN:
SF:services/databaseService.js
FNF:0
FNH:0
DA:1,24
DA:2,24
DA:4,24
DA:5,24
DA:6,24
DA:7,24
DA:8,24
DA:11,24
DA:15,24
LF:9
LH:9
BRDA:4,0,0,24
BRDA:4,0,1,24
BRDA:5,1,0,24
BRDA:5,1,1,0
BRDA:6,2,0,24
BRDA:6,2,1,0
BRDA:7,3,0,24
BRDA:7,3,1,0
BRDA:8,4,0,24
BRDA:8,4,1,0
BRF:10
BRH:6
end_of_record
TN:
SF:services/kafkaService.js
FN:14,subscribeToTopics
FN:20,(anonymous_1)
FNF:2
FNH:1
FNDA:1,subscribeToTopics
FNDA:0,(anonymous_1)
DA:1,6
DA:2,6
DA:3,6
DA:11,6
DA:12,6
DA:15,1
DA:16,1
DA:17,1
DA:18,1
DA:19,1
DA:21,0
DA:22,0
DA:23,0
DA:24,0
DA:26,0
DA:34,6
LF:16
LH:11
BRDA:21,0,0,0
BRDA:21,0,1,0
BRDA:23,1,0,0
BRDA:23,1,1,0
BRF:4
BRH:0
end_of_record
TN:
SF:services/queueService.js
FN:9,getQueueTotals
FN:15,(anonymous_1)
FN:27,startQueueWorker
FN:29,(anonymous_3)
FN:65,handleWithdrawalEvent
FN:75,handleDepositEvent
FNF:6
FNH:5
FNDA:1,getQueueTotals
FNDA:0,(anonymous_1)
FNDA:1,startQueueWorker
FNDA:2,(anonymous_3)
FNDA:1,handleWithdrawalEvent
FNDA:1,handleDepositEvent
DA:1,8
DA:2,8
DA:3,8
DA:5,8
DA:10,1
DA:12,1
DA:13,1
DA:15,1
DA:16,0
DA:17,0
DA:18,0
DA:19,0
DA:20,0
DA:24,1
DA:29,1
DA:31,2
DA:32,2
DA:33,2
DA:34,2
DA:35,2
DA:36,1
DA:38,1
DA:39,1
DA:40,1
DA:41,1
DA:42,1
DA:43,1
DA:44,1
DA:45,1
DA:48,0
DA:52,0
DA:53,0
DA:55,0
DA:56,0
DA:61,1
DA:62,1
DA:66,1
DA:67,1
DA:76,1
DA:77,1
DA:78,1
DA:87,8
LF:42
LH:32
BRDA:17,0,0,0
BRDA:17,0,1,0
BRDA:17,1,0,0
BRDA:17,1,1,0
BRDA:17,1,2,0
BRDA:18,2,0,0
BRDA:18,2,1,0
BRDA:19,3,0,0
BRDA:19,3,1,0
BRDA:19,4,0,0
BRDA:19,4,1,0
BRDA:19,4,2,0
BRDA:20,5,0,0
BRDA:20,5,1,0
BRDA:35,6,0,1
BRDA:35,6,1,1
BRDA:39,7,0,1
BRDA:39,7,1,0
BRDA:43,8,0,1
BRDA:43,8,1,0
BRDA:52,9,0,0
BRDA:52,9,1,0
BRF:22
BRH:4
end_of_record
TN:
SF:services/validationService.js
FN:5,validateDeposit
FN:71,validateWithdrawal
FNF:2
FNH:2
FNDA:4,validateDeposit
FNDA:5,validateWithdrawal
DA:1,6
DA:2,6
DA:3,6
DA:4,6
DA:6,4
DA:7,1
DA:14,3
DA:15,0
DA:21,3
DA:32,3
DA:34,3
DA:35,0
DA:38,3
DA:47,3
DA:49,3
DA:50,0
DA:55,3
DA:56,1
DA:58,2
DA:61,2
DA:62,1
DA:68,1
DA:77,5
DA:78,1
DA:85,4
DA:86,1
DA:89,3
DA:90,1
DA:93,2
DA:97,2
DA:98,0
DA:101,2
DA:111,2
DA:112,0
DA:115,2
DA:125,2
DA:126,0
DA:129,2
DA:130,1
DA:136,1
DA:139,6
LF:41
LH:35
BRDA:6,0,0,1
BRDA:6,0,1,3
BRDA:6,1,0,4
BRDA:6,1,1,3
BRDA:14,2,0,0
BRDA:14,2,1,3
BRDA:34,3,0,0
BRDA:34,3,1,3
BRDA:38,4,0,3
BRDA:38,4,1,3
BRDA:49,5,0,0
BRDA:49,5,1,3
BRDA:55,6,0,1
BRDA:55,6,1,2
BRDA:55,7,0,3
BRDA:55,7,1,3
BRDA:61,8,0,1
BRDA:61,8,1,1
BRDA:77,9,0,1
BRDA:77,9,1,4
BRDA:77,10,0,5
BRDA:77,10,1,4
BRDA:85,11,0,1
BRDA:85,11,1,3
BRDA:85,12,0,4
BRDA:85,12,1,4
BRDA:89,13,0,1
BRDA:89,13,1,2
BRDA:97,14,0,0
BRDA:97,14,1,2
BRDA:111,15,0,0
BRDA:111,15,1,2
BRDA:115,16,0,2
BRDA:115,16,1,2
BRDA:125,17,0,0
BRDA:125,17,1,2
BRDA:129,18,0,1
BRDA:129,18,1,1
BRF:38
BRH:32
end_of_record
